  TestScores.cpp
C:\Users\eupig\source\repos\TestScoresThrowExecption\TestScoresThrowExecption\TestScores.h(23,1): error C2628: 'TestScores' followed by 'void' is illegal (did you forget a ';'?)
C:\Users\eupig\source\repos\TestScoresThrowExecption\TestScoresThrowExecption\TestScores.h(23,37): error C2556: 'TestScores TestScores::setScore(double)': overloaded function differs only by return type from 'void TestScores::setScore(double)'
C:\Users\eupig\source\repos\TestScoresThrowExecption\TestScoresThrowExecption\TestScores.h(17): message : see declaration of 'TestScores::setScore'
C:\Users\eupig\source\repos\TestScoresThrowExecption\TestScoresThrowExecption\TestScores.h(23,18): error C2371: 'TestScores::setScore': redefinition; different basic types
C:\Users\eupig\source\repos\TestScoresThrowExecption\TestScoresThrowExecption\TestScores.h(17): message : see declaration of 'TestScores::setScore'
C:\Users\eupig\source\repos\TestScoresThrowExecption\TestScoresThrowExecption\TestScores.h(27,21): error C2027: use of undefined type 'TestScores::InvalidScore'
C:\Users\eupig\source\repos\TestScoresThrowExecption\TestScoresThrowExecption\TestScores.h(14): message : see declaration of 'TestScores::InvalidScore'
C:\Users\eupig\source\repos\TestScoresThrowExecption\TestScoresThrowExecption\TestScores.h(34,3): error C2059: syntax error: 'for'
C:\Users\eupig\source\repos\TestScoresThrowExecption\TestScoresThrowExecption\TestScores.h(34,19): error C2065: 'i': undeclared identifier
C:\Users\eupig\source\repos\TestScoresThrowExecption\TestScoresThrowExecption\TestScores.h(34,26): error C2065: 'i': undeclared identifier
C:\Users\eupig\source\repos\TestScoresThrowExecption\TestScoresThrowExecption\TestScores.h(34,30): error C2059: syntax error: ')'
C:\Users\eupig\source\repos\TestScoresThrowExecption\TestScoresThrowExecption\TestScores.h(37,1): error C2143: syntax error: missing ';' before '}'
C:\Users\eupig\source\repos\TestScoresThrowExecption\TestScoresThrowExecption\TestScores.cpp(13,14): error C2065: 'i': undeclared identifier
C:\Users\eupig\source\repos\TestScoresThrowExecption\TestScoresThrowExecption\TestScores.cpp(17,13): error C2512: 'TestScores': no appropriate default constructor available
C:\Users\eupig\source\repos\TestScoresThrowExecption\TestScoresThrowExecption\TestScores.h(9,7): message : see declaration of 'TestScores'
C:\Users\eupig\source\repos\TestScoresThrowExecption\TestScoresThrowExecption\TestScores.cpp(21,24): error C2660: 'TestScores::getAverage': function does not take 1 arguments
C:\Users\eupig\source\repos\TestScoresThrowExecption\TestScoresThrowExecption\TestScores.h(32,18): message : see declaration of 'TestScores::getAverage'
C:\Users\eupig\source\repos\TestScoresThrowExecption\TestScoresThrowExecption\TestScores.cpp(25,2): error C2687: 'TestScores::InvalidScore': exception-declaration cannot be 'void' or denote an incomplete type or pointer or reference to an incomplete type
C:\Users\eupig\source\repos\TestScoresThrowExecption\TestScoresThrowExecption\TestScores.cpp(25,2): error C2316: 'TestScores::InvalidScore': cannot be caught as the destructor and/or copy constructor are inaccessible or deleted
